#
# There is insufficient memory for the Java Runtime Environment to continue.
# Native memory allocation (mmap) failed to map 301989888 bytes for Failed to commit area from 0x00000006e1e00000 to 0x00000006f3e00000 of length 301989888.
# Possible reasons:
#   The system is out of physical RAM or swap space
#   The process is running with CompressedOops enabled, and the Java Heap may be blocking the growth of the native heap
# Possible solutions:
#   Reduce memory load on the system
#   Increase physical memory or swap space
#   Check if swap backing store is full
#   Decrease Java heap size (-Xmx/-Xms)
#   Decrease number of Java threads
#   Decrease Java thread stack sizes (-Xss)
#   Set larger code cache with -XX:ReservedCodeCacheSize=
# This output file may be truncated or incomplete.
#
#  Out of Memory Error (./src/hotspot/os/windows/os_windows.cpp:3511), pid=32140, tid=22404
#
# JRE version:  (11.0.11+9) (build )
# Java VM: OpenJDK 64-Bit Server VM (11.0.11+9-b1504.16, mixed mode, sharing, tiered, compressed oops, g1 gc, windows-amd64)
# No core dump will be written. Minidumps are not enabled by default on client versions of Windows
#

---------------  S U M M A R Y ------------

Command Line: git4idea.http.GitAskPassApp Username for 'https://github.com': 

Host: AMD Ryzen 5 3500U with Radeon Vega Mobile Gfx  , 8 cores, 17G,  Windows 10 , 64 bit Build 19041 (10.0.19041.1202)
Time: Thu Oct 14 00:09:58 2021 Montevideo Standard Time elapsed time: 0.024228 seconds (0d 0h 0m 0s)

---------------  T H R E A D  ---------------

Current thread (0x0000017163bdd000):  JavaThread "Unknown thread" [_thread_in_vm, id=22404, stack(0x000000106c300000,0x000000106c400000)]

Stack: [0x000000106c300000,0x000000106c400000]
Native frames: (J=compiled Java code, j=interpreted, Vv=VM code, C=native code)
V  [jvm.dll+0x5f5d5a]
V  [jvm.dll+0x7798b5]
V  [jvm.dll+0x77aecd]
V  [jvm.dll+0x77b583]
V  [jvm.dll+0x244978]
V  [jvm.dll+0x5f3174]
V  [jvm.dll+0x5e7d55]
V  [jvm.dll+0x30068b]
V  [jvm.dll+0x3005fa]
V  [jvm.dll+0x3004d2]
V  [jvm.dll+0x3053c6]
V  [jvm.dll+0x34e0a3]
V  [jvm.dll+0x34e7a6]
V  [jvm.dll+0x34e1a3]
V  [jvm.dll+0x2db0c8]
V  [jvm.dll+0x2dc267]
V  [jvm.dll+0x758057]
V  [jvm.dll+0x75984c]
V  [jvm.dll+0x35b659]
V  [jvm.dll+0x73b67e]
V  [jvm.dll+0x3c39f3]
V  [jvm.dll+0x3c5dd1]
C  [jli.dll+0x5373]
C  [ucrtbase.dll+0x21bb2]
C  [KERNEL32.DLL+0x17034]
C  [ntdll.dll+0x52651]


---------------  P R O C E S S  ---------------

Threads class SMR info:
_java_thread_list=0x0000017163ac27b0, length=0, elements={
}

Java Threads: ( => current thread )

Other Threads:
  0x0000017163bf5800 GCTaskThread "GC Thread#0" [stack: 0x000000106c400000,0x000000106c500000] [id=13840]
  0x0000017163c5c800 ConcurrentGCThread "G1 Main Marker" [stack: 0x000000106c500000,0x000000106c600000] [id=26896]
  0x0000017163c5f000 ConcurrentGCThread "G1 Conc#0" [stack: 0x000000106c600000,0x000000106c700000] [id=1560]

[error occurred during error reporting (printing all threads), id 0xc0000005, EXCEPTION_ACCESS_VIOLATION (0xc0000005) at pc=0x00007fff5e92b8f7]

VM state:not at safepoint (not fully initialized)

VM Mutex/Monitor currently owned by a thread:  ([mutex/lock_event])
[0x0000017163bd9240] Heap_lock - owner thread: 0x0000017163bdd000

Heap address: 0x00000006e1e00000, size: 4578 MB, Compressed Oops mode: Non-zero based: 0x00000006e1e00000
Narrow klass base: 0x0000000000000000, Narrow klass shift: 0

GC Heap History (0 events):
No events

Deoptimization events (0 events):
No events

Classes redefined (0 events):
No events

Internal exceptions (0 events):
No events

Events (1 events):
Event: 0.016 Loaded shared library C:\Program Files\JetBrains\IntelliJ IDEA 2021.1.1\jbr\bin\zip.dll


Dynamic libraries:
0x00007ff60e610000 - 0x00007ff60e61a000 	C:\Program Files\JetBrains\IntelliJ IDEA 2021.1.1\jbr\bin\java.exe
0x00007fffcd530000 - 0x00007fffcd725000 	C:\Windows\SYSTEM32\ntdll.dll
0x00007fffcb9c0000 - 0x00007fffcba7e000 	C:\Windows\System32\KERNEL32.DLL
0x00007fffcad00000 - 0x00007fffcafc9000 	C:\Windows\System32\KERNELBASE.dll
0x00007fffcb420000 - 0x00007fffcb520000 	C:\Windows\System32\ucrtbase.dll
0x00007fffb1e70000 - 0x00007fffb1e87000 	C:\Program Files\JetBrains\IntelliJ IDEA 2021.1.1\jbr\bin\VCRUNTIME140.dll
0x00007fffb1b60000 - 0x00007fffb1b79000 	C:\Program Files\JetBrains\IntelliJ IDEA 2021.1.1\jbr\bin\jli.dll
0x00007fffcba80000 - 0x00007fffcbc21000 	C:\Windows\System32\USER32.dll
0x00007fffb6c30000 - 0x00007fffb6eca000 	C:\Windows\WinSxS\amd64_microsoft.windows.common-controls_6595b64144ccf1df_6.0.19041.1110_none_60b5254171f9507e\COMCTL32.dll
0x00007fffcb550000 - 0x00007fffcb572000 	C:\Windows\System32\win32u.dll
0x00007fffcbca0000 - 0x00007fffcbd3e000 	C:\Windows\System32\msvcrt.dll
0x00007fffcd4c0000 - 0x00007fffcd4eb000 	C:\Windows\System32\GDI32.dll
0x00007fffcb100000 - 0x00007fffcb20b000 	C:\Windows\System32\gdi32full.dll
0x00007fffcafd0000 - 0x00007fffcb06d000 	C:\Windows\System32\msvcp_win.dll
0x00007fffcb810000 - 0x00007fffcb840000 	C:\Windows\System32\IMM32.DLL
0x00007fff99570000 - 0x00007fff9960d000 	C:\Program Files\JetBrains\IntelliJ IDEA 2021.1.1\jbr\bin\msvcp140.dll
0x00007fff5e640000 - 0x00007fff5f18a000 	C:\Program Files\JetBrains\IntelliJ IDEA 2021.1.1\jbr\bin\server\jvm.dll
0x00007fffcb8a0000 - 0x00007fffcb94c000 	C:\Windows\System32\ADVAPI32.dll
0x00007fffcc9c0000 - 0x00007fffcca5b000 	C:\Windows\System32\sechost.dll
0x00007fffcb580000 - 0x00007fffcb6aa000 	C:\Windows\System32\RPCRT4.dll
0x00007fffcd380000 - 0x00007fffcd388000 	C:\Windows\System32\PSAPI.DLL
0x00007fffc4f80000 - 0x00007fffc4f89000 	C:\Windows\SYSTEM32\WSOCK32.dll
0x00007fffc1a80000 - 0x00007fffc1aa7000 	C:\Windows\SYSTEM32\WINMM.dll
0x00007fffc1d80000 - 0x00007fffc1d8a000 	C:\Windows\SYSTEM32\VERSION.dll
0x00007fffcb950000 - 0x00007fffcb9bb000 	C:\Windows\System32\WS2_32.dll
0x00007fffc94d0000 - 0x00007fffc94e2000 	C:\Windows\SYSTEM32\kernel.appcore.dll
0x00007fffb1830000 - 0x00007fffb1841000 	C:\Program Files\JetBrains\IntelliJ IDEA 2021.1.1\jbr\bin\verify.dll
0x00007fffc92c0000 - 0x00007fffc94a4000 	C:\Windows\SYSTEM32\DBGHELP.DLL
0x00007fffbb670000 - 0x00007fffbb69c000 	C:\Windows\SYSTEM32\dbgcore.DLL
0x00007fffcb070000 - 0x00007fffcb0f3000 	C:\Windows\System32\bcryptPrimitives.dll
0x00007fffa9990000 - 0x00007fffa99b9000 	C:\Program Files\JetBrains\IntelliJ IDEA 2021.1.1\jbr\bin\java.dll
0x00007fffbada0000 - 0x00007fffbadab000 	C:\Program Files\JetBrains\IntelliJ IDEA 2021.1.1\jbr\bin\jimage.dll
0x00007fffabc60000 - 0x00007fffabc78000 	C:\Program Files\JetBrains\IntelliJ IDEA 2021.1.1\jbr\bin\zip.dll

dbghelp: loaded successfully - version: 4.0.5 - missing functions: none
symbol engine: initialized successfully - sym options: 0x614 - pdb path: .;C:\Program Files\JetBrains\IntelliJ IDEA 2021.1.1\jbr\bin;C:\Windows\SYSTEM32;C:\Windows\WinSxS\amd64_microsoft.windows.common-controls_6595b64144ccf1df_6.0.19041.1110_none_60b5254171f9507e;C:\Program Files\JetBrains\IntelliJ IDEA 2021.1.1\jbr\bin\server

VM Arguments:
java_command: git4idea.http.GitAskPassApp Username for 'https://github.com': 
java_class_path (initial): C:/Program Files/JetBrains/IntelliJ IDEA 2021.1.1/plugins/git4idea/lib/git4idea-rt.jar;C:/Program Files/JetBrains/IntelliJ IDEA 2021.1.1/lib/3rd-party.jar
Launcher Type: SUN_STANDARD

[Global flags]
     intx CICompilerCount                          = 4                                         {product} {ergonomic}
     uint ConcGCThreads                            = 2                                         {product} {ergonomic}
     uint G1ConcRefinementThreads                  = 8                                         {product} {ergonomic}
   size_t G1HeapRegionSize                         = 1048576                                   {product} {ergonomic}
    uintx GCDrainStackTargetSize                   = 64                                        {product} {ergonomic}
   size_t InitialHeapSize                          = 301989888                                 {product} {ergonomic}
   size_t MarkStackSize                            = 4194304                                   {product} {ergonomic}
   size_t MaxHeapSize                              = 4800380928                                {product} {ergonomic}
   size_t MinHeapDeltaBytes                        = 1048576                                   {product} {ergonomic}
    uintx NonNMethodCodeHeapSize                   = 5836300                                {pd product} {ergonomic}
    uintx NonProfiledCodeHeapSize                  = 122910970                              {pd product} {ergonomic}
    uintx ProfiledCodeHeapSize                     = 122910970                              {pd product} {ergonomic}
    uintx ReservedCodeCacheSize                    = 251658240                              {pd product} {ergonomic}
     bool SegmentedCodeCache                       = true                                      {product} {ergonomic}
     bool UseCompressedClassPointers               = true                                 {lp64_product} {ergonomic}
     bool UseCompressedOops                        = true                                 {lp64_product} {ergonomic}
     bool UseG1GC                                  = true                                      {product} {ergonomic}
     bool UseLargePagesIndividualAllocation        = false                                  {pd product} {ergonomic}

Logging:
Log output configuration:
 #0: stdout all=warning uptime,level,tags
 #1: stderr all=off uptime,level,tags

Environment Variables:
JAVA_HOME=C:\Program Files\Java\jdk-14.0.2
PATH=C:\Program Files\Git\mingw64\libexec\git-core;C:\Program Files\Git\mingw64\libexec\git-core;C:\Program Files\Git\mingw64\bin;C:\Program Files\Git\usr\bin;C:\Users\admin\bin;C:\Windows\system32;C:\Windows;C:\Windows\System32\Wbem;C:\Windows\System32\WindowsPowerShell\v1.0;C:\Windows\System32\OpenSSH;C:\Program Files\Git\cmd;C:\Program Files\PuTTY;C:\Program Files (x86)\nodejs;C:\Program Files\Java\jdk-14.0.2\bin;C:\ProgramData\ComposerSetup\bin;C:\laragon\bin;C:\laragon\bin\apache\httpd-2.4.35-win64-VC15\bin;C:\laragon\bin\composer;C:\laragon\bin\git\bin;C:\laragon\bin\git\cmd;C:\laragon\bin\git\mingw64\bin;C:\laragon\bin\git\usr\bin;C:\laragon\bin\laragon\utils;C:\laragon\bin\mysql\mysql-5.7.24-winx64\bin;C:\laragon\bin\nginx\nginx-1.16.0;C:\laragon\bin\ngrok;C:\laragon\bin\nodejs\node-v12;C:\laragon\bin\notepad++;C:\laragon\bin\php\php-7.4.19-Win32-VC15-x64;C:\laragon\bin\putty;C:\laragon\bin\redis\redis-x64-3.2.100;C:\laragon\bin\telnet;C:\laragon\usr\bin;C:\Users\admin\AppData\Local\Yarn\config\global\node_modules\.bin;C:\Users\admin\AppData\Roaming\Composer\vendor\bin;C:\Users\admin\AppData\Roaming\npm;C:\Users\admin\AppData\Local\Microsoft\WindowsApps;C:\Users\admin\AppData\Local\Programs\Microsoft VS Code\bin;C:\Program Files\JetBrains\PhpStorm 2021.1.2\bin;C:\Program Files\JetBrains\CLion 2021.1.1\bin;C:\Program Files\JetBrains\IntelliJ IDEA 2021.1.1\bin;C:\Program Files\JetBrains\WebStorm 2021.1.2\bin;C:\Users\admin\AppData\Local\GitHubDesktop\bin;C:\Program Files\MongoDB\Server\5.0\bin
USERNAME=admin
DISPLAY=:0.0
LC_ALL=en_US.UTF-8
OS=Windows_NT
PROCESSOR_IDENTIFIER=AMD64 Family 23 Model 24 Stepping 1, AuthenticAMD



---------------  S Y S T E M  ---------------

OS: Windows 10 , 64 bit Build 19041 (10.0.19041.1202)
OS uptime: 25 days 7:15 hours

CPU:total 8 (initial active 8) (8 cores per cpu, 2 threads per core) family 23 model 24 stepping 1 microcode 0x0, cmov, cx8, fxsr, mmx, sse, sse2, sse3, ssse3, sse4.1, sse4.2, popcnt, avx, avx2, aes, clmul, mmxext, 3dnowpref, lzcnt, sse4a, ht, tsc, tscinvbit, tscinv, bmi1, bmi2, adx, s

Memory: 4k page, system-wide physical 18308M (711M free)
TotalPageFile size 48673M (AvailPageFile size 240M)
current process WorkingSet (physical memory assigned to process): 10M, peak: 10M
current process commit charge ("private bytes"): 60M, peak: 348M

vm_info: OpenJDK 64-Bit Server VM (11.0.11+9-b1504.16) for windows-amd64 JRE (11.0.11+9-b1504.16), built on Aug  9 2021 01:34:19 by "" with MS VC++ 14.0 (VS2015)

END.
